Buildfile: /home/wolfie/Program/Android/Profiles/build.xml
    [setup] Android SDK Tools Revision 6
    [setup] Project Target: Android 2.0
    [setup] API level: 5
    [setup] WARNING: Attribute minSdkVersion in AndroidManifest.xml (3) is lower than the project target API level (5)
    [setup] Importing rules file: platforms/android-2.0/templates/android_rules.xml

-compile-tested-if-test:

-dirs:
     [echo] Creating output directories if needed...
    [mkdir] Created dir: /home/wolfie/Program/Android/Profiles/bin
    [mkdir] Created dir: /home/wolfie/Program/Android/Profiles/bin/classes

-resource-src:
     [echo] Generating R.java / Manifest.java from the resources...

-aidl:
     [echo] Compiling aidl files into Java classes...

compile:
    [javac] /opt/android-sdk-update-manager/platforms/android-2.0/templates/android_rules.xml:248: warning: 'includeantruntime' was not set, defaulting to build.sysclasspath=last; set to false for repeatable builds
    [javac] Compiling 12 source files to /home/wolfie/Program/Android/Profiles/bin/classes

-dex:
     [echo] Converting compiled files and external libraries into /home/wolfie/Program/Android/Profiles/bin/classes.dex...
     [echo]          

-package-resources:
     [echo] Packaging resources
 [aaptexec] Creating full resource package...

-package-debug-sign:
[apkbuilder] Creating Profiles-debug-unaligned.apk and signing it with a debug key...
[apkbuilder] Using keystore: /home/wolfie/.android/debug.keystore

debug:
     [echo] Running zip align on final apk...
     [echo] Debug Package: /home/wolfie/Program/Android/Profiles/bin/Profiles-debug.apk

BUILD SUCCESSFUL
Total time: 7 seconds
